*------------------------------------------------------------*
* Score Log
Date:                May 02, 2019
Time:                22:59:41
*------------------------------------------------------------*
11174  *------------------------------------------------------------*;
11175  * Stat3: Scoring DATA data;
11176  *------------------------------------------------------------*;
11177  data EMWS1.Stat3_TRAIN
11178  / view=EMWS1.Stat3_TRAIN
11179  ;
11180  set EMWS1.GrfExpl2_TRAIN
11181  ;
11182  run;

NOTE: DATA STEP view saved on file EMWS1.STAT3_TRAIN.
NOTE: A stored DATA STEP view cannot run under a different operating system.
NOTE: View EMWS1.GRFEXPL2_TRAIN.VIEW used (Total process time):
      real time           0.04 seconds
      cpu time            0.04 seconds
      
NOTE: DATA statement used (Total process time):
      real time           0.06 seconds
      cpu time            0.07 seconds
      

11183  quit;

11184  *------------------------------------------------------------*;
11185  * Stat3: Computing metadata for TRAIN data;
11186  *------------------------------------------------------------*;

NOTE: View EMWS1.STAT3_TRAIN.VIEW used (Total process time):
      real time           0.07 seconds
      cpu time            0.07 seconds
      
NOTE: View EMWS1.STAT3_TRAIN.VIEW used (Total process time):
      real time           0.07 seconds
      cpu time            0.06 seconds
      
