*------------------------------------------------------------*
* Score Log
Date:                May 02, 2019
Time:                23:01:54
*------------------------------------------------------------*
11174  *------------------------------------------------------------*;
11175  * Stat4: Scoring DATA data;
11176  *------------------------------------------------------------*;
11177  data EMWS1.Stat4_TRAIN
11178  / view=EMWS1.Stat4_TRAIN
11179  ;
11180  set EMWS1.GrfExpl4_TRAIN
11181  ;
11182  run;

NOTE: DATA STEP view saved on file EMWS1.STAT4_TRAIN.
NOTE: A stored DATA STEP view cannot run under a different operating system.
NOTE: View EMWS1.GRFEXPL4_TRAIN.VIEW used (Total process time):
      real time           0.04 seconds
      cpu time            0.04 seconds
      
NOTE: DATA statement used (Total process time):
      real time           0.07 seconds
      cpu time            0.07 seconds
      

11183  quit;

11184  *------------------------------------------------------------*;
11185  * Stat4: Computing metadata for TRAIN data;
11186  *------------------------------------------------------------*;

NOTE: View EMWS1.STAT4_TRAIN.VIEW used (Total process time):
      real time           0.07 seconds
      cpu time            0.07 seconds
      
NOTE: View EMWS1.STAT4_TRAIN.VIEW used (Total process time):
      real time           0.07 seconds
      cpu time            0.07 seconds
      
