NOTE: PROCEDURE PRINTTO used (Total process time):
      real time           0.00 seconds
      cpu time            0.00 seconds
      

Traverser: Traverser invoked.  MPCONNECT command is !sascmdv -nosyntaxcheck -noasynchio -noobjectserver. 
Traverser: Beginning flow traversal 
16067      data _null_;
MPRINT(EM_DIAGRAM):    data _null_;
16068      file emwipmsg;
MPRINT(EM_DIAGRAM):   file emwipmsg;
16069      put '<Node Id="Ids6" Event="Update" Pid="" Gridid=""/>';
MPRINT(EM_DIAGRAM):   put '<Node Id="Ids6" Event="Update" Pid="" Gridid=""/>';
16070      run;
MPRINT(EM_DIAGRAM):   run;

NOTE: The file EMWIPMSG is:
      Local Host Name=DESKTOP-0ESU561,
      Local Host IP addr=fe80::bd99:5f4b:4ecc:7fcd%13,
      Peer Hostname Name=DESKTOP-0ESU561,
      Peer IP addr=127.0.0.1,Peer Name=N/A,
      Peer Portno=61389,Lrecl=32767,Recfm=Variable

NOTE: 1 record was written to the file EMWIPMSG.
      The minimum record length was 49.
      The maximum record length was 49.
NOTE: DATA statement used (Total process time):
      real time           1.95 seconds
      cpu time            0.00 seconds
      

16071      %let emloopmode =;
*------------------------------------------------------------* 
* 
* Ids6 : Beginning update before running 
* datetime : 02MAY2019:23:01:18 
* 
*------------------------------------------------------------* 
MPRINT(EM_DIAGRAM):     filename _emtool_ 'J:\A UM Master\SEM 2 1819\WQD7005 Data Mining\Assignment\KLSE\Workspaces\EMWS1\Ids6\PROPERTIES.xml' encoding="UTF-8" NOBOM;
16073      %let _HPDMGRIDHOST=;
16074      %let _HPDMGRIDINSTALLLOC=;
16075      %let _HPDMGRIDDATASERVER=;
16076      %hpdm_gridSetOPtions;
MPRINT(EM_DIAGRAM):   
MPRINT(HPDM_GRIDSETOPTIONS):   data _null_;
MPRINT(HPDM_GRIDSETOPTIONS):   length optionString string $2000;
MPRINT(HPDM_GRIDSETOPTIONS):   optionString = reverse(getoption('SET'));
MPRINT(HPDM_GRIDSETOPTIONS):   index = index(optionString, reverse('GRIDHOST'));
MPRINT(HPDM_GRIDSETOPTIONS):   if index then do;
MPRINT(HPDM_GRIDSETOPTIONS):   string = reverse(substr(optionString, 1, index-4));
MPRINT(HPDM_GRIDSETOPTIONS):   host = '"'!!strip(tranwrd(scan(string, 1, ']'), '"', ''))!!'"';
MPRINT(HPDM_GRIDSETOPTIONS):   call symput('_HPDMGRIDHOST', strip(host));
MPRINT(HPDM_GRIDSETOPTIONS):   end;
MPRINT(HPDM_GRIDSETOPTIONS):   index = index(optionString, reverse('GRIDINSTALLLOC'));
MPRINT(HPDM_GRIDSETOPTIONS):   if index then do;
MPRINT(HPDM_GRIDSETOPTIONS):   string = reverse(substr(optionString, 1, index-4));
MPRINT(HPDM_GRIDSETOPTIONS):   install = '"'!!strip(tranwrd(scan(string, 1, ']'), '"', ''))!!'"';
MPRINT(HPDM_GRIDSETOPTIONS):   call symput('_HPDMGRIDINSTALLLOC', strip(install));
MPRINT(HPDM_GRIDSETOPTIONS):   end;
MPRINT(HPDM_GRIDSETOPTIONS):   index = index(optionString, reverse('GRIDDATASERVER'));
MPRINT(HPDM_GRIDSETOPTIONS):   if index then do;
MPRINT(HPDM_GRIDSETOPTIONS):   string = reverse(substr(optionString, 1, index-4));
MPRINT(HPDM_GRIDSETOPTIONS):   server = '"'!!strip(tranwrd(scan(string, 1, ']'), '"', ''))!!'"';
MPRINT(HPDM_GRIDSETOPTIONS):   call symput('_HPDMGRIDDATASERVER', strip(server));
MPRINT(HPDM_GRIDSETOPTIONS):   end;
MPRINT(HPDM_GRIDSETOPTIONS):   run;

NOTE: DATA statement used (Total process time):
      real time           0.01 seconds
      cpu time            0.01 seconds
      

MPRINT(EM_DIAGRAM):  ;

*------------------------------------------------------------* 
* 
* Ids6 : End update 
* datetime : 02MAY2019:23:01:18 
* 
*------------------------------------------------------------* 
16077      %let _emdsep = \;
16078      %em_getactionstatus(emlib =EMWS1, nodeid=Ids6);
MPRINT(EM_DIAGRAM):   
MPRINT(EM_GETACTIONSTATUS):   proc display c=sashelp.emutil.getactionstatus.scl;
MPRINT(EM_GETACTIONSTATUS):   run;

16079      %let em_Train = N;
16080      %let em_Score = N;
16081      %let em_Report = N;
16082      %let em_Run = N;
NOTE: PROCEDURE DISPLAY used (Total process time):
      real time           0.00 seconds
      cpu time            0.00 seconds
      

MPRINT(EM_GETACTIONSTATUS):   
MPRINT(EM_DIAGRAM):  ;

16083      data _null_;
MPRINT(EM_DIAGRAM):    data _null_;
16084      file emwipmsg;
MPRINT(EM_DIAGRAM):   file emwipmsg;
16085      put '<Node Id="Ids6" Event="Complete" Pid="" Gridid=""/>';
MPRINT(EM_DIAGRAM):   put '<Node Id="Ids6" Event="Complete" Pid="" Gridid=""/>';
16086      run;
MPRINT(EM_DIAGRAM):   run;

NOTE: The file EMWIPMSG is:
      Local Host Name=DESKTOP-0ESU561,
      Local Host IP addr=fe80::bd99:5f4b:4ecc:7fcd%13,
      Peer Hostname Name=DESKTOP-0ESU561,
      Peer IP addr=127.0.0.1,Peer Name=N/A,
      Peer Portno=61389,Lrecl=32767,Recfm=Variable

NOTE: 1 record was written to the file EMWIPMSG.
      The minimum record length was 51.
      The maximum record length was 51.
NOTE: DATA statement used (Total process time):
      real time           12.87 seconds
      cpu time            0.00 seconds
      

16087      data _null_;
MPRINT(EM_DIAGRAM):    data _null_;
16088      run;
MPRINT(EM_DIAGRAM):   run;

NOTE: DATA statement used (Total process time):
      real time           0.00 seconds
      cpu time            0.00 seconds
      

Node "Ids6" is up to date and doesn't need to run. 
Traverser: WaitingNode "STAT4" 
traverser_readyNode_note 
16089      data _null_;
MPRINT(EM_DIAGRAM):    data _null_;
16090      file emwipmsg;
MPRINT(EM_DIAGRAM):   file emwipmsg;
16091      put '<Node Id="GrfExpl4" Event="Update" Pid="" Gridid=""/>';
MPRINT(EM_DIAGRAM):   put '<Node Id="GrfExpl4" Event="Update" Pid="" Gridid=""/>';
16092      run;
MPRINT(EM_DIAGRAM):   run;

NOTE: The file EMWIPMSG is:
      Local Host Name=DESKTOP-0ESU561,
      Local Host IP addr=fe80::bd99:5f4b:4ecc:7fcd%13,
      Peer Hostname Name=DESKTOP-0ESU561,
      Peer IP addr=127.0.0.1,Peer Name=N/A,
      Peer Portno=61389,Lrecl=32767,Recfm=Variable

NOTE: 1 record was written to the file EMWIPMSG.
      The minimum record length was 53.
      The maximum record length was 53.
NOTE: DATA statement used (Total process time):
      real time           11.46 seconds
      cpu time            0.00 seconds
      

16093      %let emloopmode =;
*------------------------------------------------------------* 
* 
* GrfExpl4 : Beginning update before running 
* datetime : 02MAY2019:23:01:43 
* 
*------------------------------------------------------------* 
MPRINT(EM_DIAGRAM):     data WORK.GrfExpl4_FILTERSET;
MPRINT(EM_DIAGRAM):   length PORT $32 USE $1;
MPRINT(EM_DIAGRAM):   DROP DELTACODE APPLYDELTA APPLYSCORE IMPORTPORT;
MPRINT(EM_DIAGRAM):   set EMWS1.Ids6_exportSet ;
MPRINT(EM_DIAGRAM):   PORT = '';
MPRINT(EM_DIAGRAM):   USE = '';
MPRINT(EM_DIAGRAM):   where role in( "RAW" "TRAIN" "VALIDATE" "TEST" "SCORE" "TRANSACTION" "DOCUMENT" "RULES" "REPORTFIT" "RANK" "SCOREDIST" "ESTIMATE" "TREE" "CLUSSTAT" "CLUSMEAN" "VARMAP" ) and EXPORT = 'Y' ;
MPRINT(EM_DIAGRAM):   run;
MPRINT(EM_DIAGRAM):    *------------------------------------------------------------*;
MPRINT(EM_DIAGRAM):   * GrfExpl4: Generation of macros and macro variables;
MPRINT(EM_DIAGRAM):   * To see the code generated, set the EM_DEBUG macro variable to SOURCE or _ALL_;
MPRINT(EM_DIAGRAM):   *------------------------------------------------------------*;
MPRINT(EM_DIAGRAM):   *------------------------------------------------------------*;
MPRINT(EM_DIAGRAM):   * GrfExpl4: EM Macro Variables and Macros;
MPRINT(EM_DIAGRAM):   *------------------------------------------------------------*;
MPRINT(EM_DIAGRAM):   *------------------------------------------------------------* ;
MPRINT(EM_DIAGRAM):   * System Macro Variables;
MPRINT(EM_DIAGRAM):   *------------------------------------------------------------* ;
MPRINT(EM_DIAGRAM):   data _null_;
MPRINT(EM_DIAGRAM):   length string $2000;
MPRINT(EM_DIAGRAM):   string = '';
MPRINT(EM_DIAGRAM):   call symput('EM_PROJECTNAME', trim(string));
MPRINT(EM_DIAGRAM):   string = '';
MPRINT(EM_DIAGRAM):   call symput('EM_WSNAME', trim(string));
MPRINT(EM_DIAGRAM):   run;
MPRINT(EM_DIAGRAM):   *------------------------------------------------------------* ;
MPRINT(EM_DIAGRAM):   * Properties Macro Variables ;
MPRINT(EM_DIAGRAM):   *------------------------------------------------------------* ;
MPRINT(EM_DIAGRAM):   *------------------------------------------------------------*;
MPRINT(EM_DIAGRAM):   * Files Macro Variables;
MPRINT(EM_DIAGRAM):   *------------------------------------------------------------*;
MPRINT(EM_DIAGRAM):   *------------------------------------------------------------*;
MPRINT(EM_DIAGRAM):   * Import Macro Variables;
MPRINT(EM_DIAGRAM):   *------------------------------------------------------------*;
MPRINT(EM_DIAGRAM):   *------------------------------------------------------------*;
MPRINT(EM_DIAGRAM):   * Export Macro Variables;
MPRINT(EM_DIAGRAM):   *------------------------------------------------------------*;
MPRINT(EM_DIAGRAM):   *------------------------------------------------------------*;
MPRINT(EM_DIAGRAM):   * Decision Macro Variables;
MPRINT(EM_DIAGRAM):   *------------------------------------------------------------*;
MPRINT(EM_DIAGRAM):   *------------------------------------------------------------*;
MPRINT(EM_DIAGRAM):   * Statement Macro Variables;
MPRINT(EM_DIAGRAM):   *------------------------------------------------------------*;
MPRINT(EM_DIAGRAM):   data _null_;
MPRINT(EM_DIAGRAM):   set EMWS1.Ids6_EMINFO;
MPRINT(EM_DIAGRAM):   where key in('HPDMSAMPLE', 'IDSTABLE');
MPRINT(EM_DIAGRAM):   if key = 'HPDMSAMPLE' then call symput('_ForceGrid', '1');
MPRINT(EM_DIAGRAM):   else call symput('_IDS_TABLE', DATA);
MPRINT(EM_DIAGRAM):   run;
MPRINT(HPDM_PERFORMANCE):  ;
PERFORMANCE  DETAILS
MPRINT(EM_DIAGRAM):  ;
16317      %let emexceptionString =;
16318      %let EMEXCEPTIONSTRING=;
16319      *------------------------------------------------------------*;
MPRINT(EM_DIAGRAM):    *------------------------------------------------------------*;
16320      * UPDATE: GrfExpl4;
MPRINT(EM_DIAGRAM):   * UPDATE: GrfExpl4;
16321      *------------------------------------------------------------*;
MPRINT(EM_DIAGRAM):   *------------------------------------------------------------*;
16322      %let EM_ACTION = UPDATE;
16323      %let syscc = 0;
16324      %macro main;
16325         filename temp catalog 'sashelp.emexpl.graphexplore_macros.source';
16326         %include temp;
16327         filename temp;
16328      
16329         %SetProperties;
16330      
16331         %if %upcase(&EM_ACTION) = CREATE %then %do;
16332      
16333             filename temp catalog 'sashelp.emexpl.graphexplore_create.source';
16334             %include temp;
16335             filename temp;
16336             %create;
16337         %end;
16338         %else
16339         %if %upcase(&EM_ACTION) = TRAIN %then %do;
16340      
16341             filename temp catalog 'sashelp.emexpl.graphexplore_train.source';
16342             %include temp;
16343             filename temp;
16344             %train;
16345      
16346         %end;
16347         %else
16348         %if %upcase(&EM_ACTION) = REPORT %then %do;
16349      
16350             filename temp catalog 'sashelp.emexpl.graphexplore_report.source';
16351             %include temp;
16352             filename temp;
16353      
16354             %report;
16355         %end;
16356      
16357      %mend main;
16358      
16359      %main;
MPRINT(EM_DIAGRAM):    
MPRINT(MAIN):   filename temp catalog 'sashelp.emexpl.graphexplore_macros.source';
NOTE: %INCLUDE (level 1) file TEMP is file SASHELP.EMEXPL.GRAPHEXPLORE_MACROS.SOURCE.
16360     +%macro SetProperties;
16361     +   %em_checkmacro(name=EM_PROPERTY_INTERVALBYTARGET,      global=Y, value=Y);
16362     +   %em_checkmacro(name=EM_PROPERTY_CLASSBYTARGET,         global=Y, value=Y);
16363     +   %em_checkmacro(name=EM_PROPERTY_DATASOURCE,            global=Y, value=SAMPLE);
16364     +   %em_checkmacro(name=EM_PROPERTY_EMSAMPLEMETHOD,        global=Y, value=FIRSTN);
16365     +   %em_checkmacro(name=EM_PROPERTY_EMSAMPLESIZE,          global=Y, value=DEFAULT);
16366     +   %em_checkmacro(name=EM_PROPERTY_EMRANDOMSEED,          global=Y, value=12345);
16367     +
16368     +%mend SetProperties;
NOTE: %INCLUDE (level 1) ending.
MPRINT(MAIN):   filename temp;
NOTE: Fileref TEMP has been deassigned.
MPRINT(SETPROPERTIES):  ;
MPRINT(SETPROPERTIES):  ;
MPRINT(SETPROPERTIES):  ;
MPRINT(SETPROPERTIES):  ;
MPRINT(SETPROPERTIES):  ;
MPRINT(SETPROPERTIES):  ;
MPRINT(MAIN):  ;
MPRINT(EM_DIAGRAM):  ;
MPRINT(EM_DIAGRAM):   *------------------------------------------------------------*;
MPRINT(EM_DIAGRAM):   * End UPDATE: GrfExpl4;
MPRINT(EM_DIAGRAM):   *------------------------------------------------------------*;
16369      *------------------------------------------------------------*;
16370      * End UPDATE: GrfExpl4;
16371      *------------------------------------------------------------*;
16372      

16373      %em_delMacro;
MPRINT(EM_DIAGRAM):   
MPRINT(EM_DIAGRAM):  ;

MPRINT(EM_DIAGRAM):    filename _emtool_ 'J:\A UM Master\SEM 2 1819\WQD7005 Data Mining\Assignment\KLSE\Workspaces\EMWS1\GrfExpl4\PROPERTIES.xml' encoding="UTF-8" NOBOM;
16375      %let _HPDMGRIDHOST=;
16376      %let _HPDMGRIDINSTALLLOC=;
16377      %let _HPDMGRIDDATASERVER=;
16378      %hpdm_gridSetOPtions;
MPRINT(EM_DIAGRAM):   
MPRINT(HPDM_GRIDSETOPTIONS):   data _null_;
MPRINT(HPDM_GRIDSETOPTIONS):   length optionString string $2000;
MPRINT(HPDM_GRIDSETOPTIONS):   optionString = reverse(getoption('SET'));
MPRINT(HPDM_GRIDSETOPTIONS):   index = index(optionString, reverse('GRIDHOST'));
MPRINT(HPDM_GRIDSETOPTIONS):   if index then do;
MPRINT(HPDM_GRIDSETOPTIONS):   string = reverse(substr(optionString, 1, index-4));
MPRINT(HPDM_GRIDSETOPTIONS):   host = '"'!!strip(tranwrd(scan(string, 1, ']'), '"', ''))!!'"';
MPRINT(HPDM_GRIDSETOPTIONS):   call symput('_HPDMGRIDHOST', strip(host));
MPRINT(HPDM_GRIDSETOPTIONS):   end;
MPRINT(HPDM_GRIDSETOPTIONS):   index = index(optionString, reverse('GRIDINSTALLLOC'));
MPRINT(HPDM_GRIDSETOPTIONS):   if index then do;
MPRINT(HPDM_GRIDSETOPTIONS):   string = reverse(substr(optionString, 1, index-4));
MPRINT(HPDM_GRIDSETOPTIONS):   install = '"'!!strip(tranwrd(scan(string, 1, ']'), '"', ''))!!'"';
MPRINT(HPDM_GRIDSETOPTIONS):   call symput('_HPDMGRIDINSTALLLOC', strip(install));
MPRINT(HPDM_GRIDSETOPTIONS):   end;
MPRINT(HPDM_GRIDSETOPTIONS):   index = index(optionString, reverse('GRIDDATASERVER'));
MPRINT(HPDM_GRIDSETOPTIONS):   if index then do;
MPRINT(HPDM_GRIDSETOPTIONS):   string = reverse(substr(optionString, 1, index-4));
MPRINT(HPDM_GRIDSETOPTIONS):   server = '"'!!strip(tranwrd(scan(string, 1, ']'), '"', ''))!!'"';
MPRINT(HPDM_GRIDSETOPTIONS):   call symput('_HPDMGRIDDATASERVER', strip(server));
MPRINT(HPDM_GRIDSETOPTIONS):   end;
MPRINT(HPDM_GRIDSETOPTIONS):   run;

NOTE: DATA statement used (Total process time):
      real time           0.01 seconds
      cpu time            0.01 seconds
      

MPRINT(EM_DIAGRAM):  ;

*------------------------------------------------------------* 
* 
* GrfExpl4 : End update 
* datetime : 02MAY2019:23:01:43 
* 
*------------------------------------------------------------* 
16379      %let _emdsep = \;
16380      %em_getactionstatus(emlib =EMWS1, nodeid=GrfExpl4);
MPRINT(EM_DIAGRAM):   
MPRINT(EM_GETACTIONSTATUS):   proc display c=sashelp.emutil.getactionstatus.scl;
MPRINT(EM_GETACTIONSTATUS):   run;

16381      %let em_filemodtime=;
16382      data _null_;
MPRINT(EM_GETACTIONSTATUS):   data _null_;
16383      format modate best.;
MPRINT(EM_GETACTIONSTATUS):   format modate best.;
16384      set sashelp.Vextfl;
MPRINT(EM_GETACTIONSTATUS):   set sashelp.Vextfl;
16385      where fileref eq "#LN00138";
MPRINT(EM_GETACTIONSTATUS):   where fileref eq "#LN00138";
16386      call symput('EM_FILEMODTIME', put(modate, best.));
MPRINT(EM_GETACTIONSTATUS):   call symput('EM_FILEMODTIME', put(modate, best.));
16387      run;
MPRINT(EM_GETACTIONSTATUS):   run;

NOTE: There were 1 observations read from the data set SASHELP.VEXTFL.
      WHERE fileref='#LN00138';
NOTE: DATA statement used (Total process time):
      real time           0.01 seconds
      cpu time            0.01 seconds
      

16388      %symdel em_filemodtime;
WARNING: Attempt to delete macro variable EM_FILEMODTIME failed. Variable not found.
16389      %let em_Train = N;
16390      %let em_Score = N;
16391      %let em_Report = N;
16392      %let em_Run = N;
NOTE: PROCEDURE DISPLAY used (Total process time):
      real time           0.01 seconds
      cpu time            0.01 seconds
      

MPRINT(EM_GETACTIONSTATUS):     
MPRINT(EM_DIAGRAM):  ;

16393      data _null_;
MPRINT(EM_DIAGRAM):    data _null_;
16394      file emwipmsg;
MPRINT(EM_DIAGRAM):   file emwipmsg;
16395      put '<Node Id="GrfExpl4" Event="Complete" Pid="" Gridid=""/>';
MPRINT(EM_DIAGRAM):   put '<Node Id="GrfExpl4" Event="Complete" Pid="" Gridid=""/>';
16396      run;
MPRINT(EM_DIAGRAM):   run;

NOTE: The file EMWIPMSG is:
      Local Host Name=DESKTOP-0ESU561,
      Local Host IP addr=fe80::bd99:5f4b:4ecc:7fcd%13,
      Peer Hostname Name=DESKTOP-0ESU561,
      Peer IP addr=127.0.0.1,Peer Name=N/A,
      Peer Portno=61389,Lrecl=32767,Recfm=Variable

NOTE: 1 record was written to the file EMWIPMSG.
      The minimum record length was 55.
      The maximum record length was 55.
NOTE: DATA statement used (Total process time):
      real time           0.84 seconds
      cpu time            0.00 seconds
      

16397      data _null_;
MPRINT(EM_DIAGRAM):    data _null_;
16398      run;
MPRINT(EM_DIAGRAM):   run;

NOTE: DATA statement used (Total process time):
      real time           0.00 seconds
      cpu time            0.00 seconds
      

Node "GrfExpl4" is up to date and doesn't need to run. 
traverser_readyNode_note 
16399      data _null_;
MPRINT(EM_DIAGRAM):    data _null_;
16400      file emwipmsg;
MPRINT(EM_DIAGRAM):   file emwipmsg;
16401      put '<Node Id="Stat4" Event="Update" Pid="" Gridid=""/>';
MPRINT(EM_DIAGRAM):   put '<Node Id="Stat4" Event="Update" Pid="" Gridid=""/>';
16402      run;
MPRINT(EM_DIAGRAM):   run;

NOTE: The file EMWIPMSG is:
      Local Host Name=DESKTOP-0ESU561,
      Local Host IP addr=fe80::bd99:5f4b:4ecc:7fcd%13,
      Peer Hostname Name=DESKTOP-0ESU561,
      Peer IP addr=127.0.0.1,Peer Name=N/A,
      Peer Portno=61389,Lrecl=32767,Recfm=Variable

NOTE: 1 record was written to the file EMWIPMSG.
      The minimum record length was 50.
      The maximum record length was 50.
NOTE: DATA statement used (Total process time):
      real time           0.84 seconds
      cpu time            0.00 seconds
      

16403      %let emloopmode =;
*------------------------------------------------------------* 
* 
* Stat4 : Beginning update before running 
* datetime : 02MAY2019:23:01:46 
* 
*------------------------------------------------------------* 
MPRINT(EM_DIAGRAM):     data WORK.Stat4_FILTERSET;
MPRINT(EM_DIAGRAM):   length PORT $32 USE $1;
MPRINT(EM_DIAGRAM):   DROP DELTACODE APPLYDELTA APPLYSCORE IMPORTPORT;
MPRINT(EM_DIAGRAM):   set EMWS1.GrfExpl4_exportSet ;
MPRINT(EM_DIAGRAM):   PORT = '';
MPRINT(EM_DIAGRAM):   USE = '';
MPRINT(EM_DIAGRAM):   where role in( "RAW" "TRAIN" "VALIDATE" "TEST" "SCORE" ) and EXPORT = 'Y' ;
MPRINT(EM_DIAGRAM):   run;
16423      data _null_;
MPRINT(EM_DIAGRAM):    data _null_;
16424      set EMWS1.GrfExpl4_CMeta_TRAIN (obs=1);
MPRINT(EM_DIAGRAM):   set EMWS1.GrfExpl4_CMeta_TRAIN (obs=1);
16425      run;
MPRINT(EM_DIAGRAM):   run;

NOTE: There were 1 observations read from the data set EMWS1.GRFEXPL4_CMETA_TRAIN.
NOTE: DATA statement used (Total process time):
      real time           0.01 seconds
      cpu time            0.01 seconds
      

16426      *------------------------------------------------------------*;
MPRINT(EM_DIAGRAM):    *------------------------------------------------------------*;
16427      * Stat4: Update Variables Set;
MPRINT(EM_DIAGRAM):   * Stat4: Update Variables Set;
16428      *------------------------------------------------------------*;
MPRINT(EM_DIAGRAM):   *------------------------------------------------------------*;

16429      data EMWS1.Stat4_VariableSet;
MPRINT(EM_DIAGRAM):    data EMWS1.Stat4_VariableSet;
16430      length USE $1;
MPRINT(EM_DIAGRAM):   length USE $1;
16431      label USE = "Use";
MPRINT(EM_DIAGRAM):   label USE = "Use";
16432      length REPORT $1;
MPRINT(EM_DIAGRAM):   length REPORT $1;
16433      label REPORT = "Report";
MPRINT(EM_DIAGRAM):   label REPORT = "Report";
16434      set EMWS1.GrfExpl4_CMeta_TRAIN;
MPRINT(EM_DIAGRAM):   set EMWS1.GrfExpl4_CMeta_TRAIN;
16435      where(ROLE in("ID" "SEGMENT" "TARGET" "INPUT" "REJECTED" "PREDICT" "RESIDUAL" "DECISION" "FREQ"));
MPRINT(EM_DIAGRAM):   where(ROLE in("ID" "SEGMENT" "TARGET" "INPUT" "REJECTED" "PREDICT" "RESIDUAL" "DECISION" "FREQ"));
16436      run;
MPRINT(EM_DIAGRAM):   run;

NOTE: Variable USE is uninitialized.
NOTE: There were 6 observations read from the data set EMWS1.GRFEXPL4_CMETA_TRAIN.
      WHERE ROLE in ('DECISION', 'FREQ', 'ID', 'INPUT', 'PREDICT', 'REJECTED', 'RESIDUAL', 'SEGMENT', 'TARGET');
NOTE: The data set EMWS1.STAT4_VARIABLESET has 6 observations and 21 variables.
NOTE: DATA statement used (Total process time):
      real time           0.00 seconds
      cpu time            0.00 seconds
      

16437      * Stat4: End of Update Variables Set;
MPRINT(EM_DIAGRAM):    * Stat4: End of Update Variables Set;
16438      *------------------------------------------------------------*;
MPRINT(EM_DIAGRAM):   *------------------------------------------------------------*;

MPRINT(EM_DIAGRAM):    filename _emtool_ 'J:\A UM Master\SEM 2 1819\WQD7005 Data Mining\Assignment\KLSE\Workspaces\EMWS1\Stat4\PROPERTIES.xml' encoding="UTF-8" NOBOM;
16440      %let _HPDMGRIDHOST=;
16441      %let _HPDMGRIDINSTALLLOC=;
16442      %let _HPDMGRIDDATASERVER=;
16443      %hpdm_gridSetOPtions;
MPRINT(EM_DIAGRAM):   
MPRINT(HPDM_GRIDSETOPTIONS):   data _null_;
MPRINT(HPDM_GRIDSETOPTIONS):   length optionString string $2000;
MPRINT(HPDM_GRIDSETOPTIONS):   optionString = reverse(getoption('SET'));
MPRINT(HPDM_GRIDSETOPTIONS):   index = index(optionString, reverse('GRIDHOST'));
MPRINT(HPDM_GRIDSETOPTIONS):   if index then do;
MPRINT(HPDM_GRIDSETOPTIONS):   string = reverse(substr(optionString, 1, index-4));
MPRINT(HPDM_GRIDSETOPTIONS):   host = '"'!!strip(tranwrd(scan(string, 1, ']'), '"', ''))!!'"';
MPRINT(HPDM_GRIDSETOPTIONS):   call symput('_HPDMGRIDHOST', strip(host));
MPRINT(HPDM_GRIDSETOPTIONS):   end;
MPRINT(HPDM_GRIDSETOPTIONS):   index = index(optionString, reverse('GRIDINSTALLLOC'));
MPRINT(HPDM_GRIDSETOPTIONS):   if index then do;
MPRINT(HPDM_GRIDSETOPTIONS):   string = reverse(substr(optionString, 1, index-4));
MPRINT(HPDM_GRIDSETOPTIONS):   install = '"'!!strip(tranwrd(scan(string, 1, ']'), '"', ''))!!'"';
MPRINT(HPDM_GRIDSETOPTIONS):   call symput('_HPDMGRIDINSTALLLOC', strip(install));
MPRINT(HPDM_GRIDSETOPTIONS):   end;
MPRINT(HPDM_GRIDSETOPTIONS):   index = index(optionString, reverse('GRIDDATASERVER'));
MPRINT(HPDM_GRIDSETOPTIONS):   if index then do;
MPRINT(HPDM_GRIDSETOPTIONS):   string = reverse(substr(optionString, 1, index-4));
MPRINT(HPDM_GRIDSETOPTIONS):   server = '"'!!strip(tranwrd(scan(string, 1, ']'), '"', ''))!!'"';
MPRINT(HPDM_GRIDSETOPTIONS):   call symput('_HPDMGRIDDATASERVER', strip(server));
MPRINT(HPDM_GRIDSETOPTIONS):   end;
MPRINT(HPDM_GRIDSETOPTIONS):   run;

NOTE: DATA statement used (Total process time):
      real time           0.01 seconds
      cpu time            0.01 seconds
      

MPRINT(EM_DIAGRAM):  ;

*------------------------------------------------------------* 
* 
* Stat4 : End update 
* datetime : 02MAY2019:23:01:46 
* 
*------------------------------------------------------------* 
16444      %let _emdsep = \;
16445      %em_getactionstatus(emlib =EMWS1, nodeid=Stat4);
MPRINT(EM_DIAGRAM):   
MPRINT(EM_GETACTIONSTATUS):   proc display c=sashelp.emutil.getactionstatus.scl;
MPRINT(EM_GETACTIONSTATUS):   run;

16446      %let em_Train = Y;
16447      %let em_Report = Y;
16448      %let em_Score = Y;
16449      %let em_Run = Y;
NOTE: PROCEDURE DISPLAY used (Total process time):
      real time           0.00 seconds
      cpu time            0.00 seconds
      

MPRINT(EM_GETACTIONSTATUS):   
MPRINT(EM_DIAGRAM):  ;

16450      data _null_;
MPRINT(EM_DIAGRAM):    data _null_;
16451      file emwipmsg;
MPRINT(EM_DIAGRAM):   file emwipmsg;
16452      put '<Node Id="Stat4" Event="Run" Pid="" Gridid=""/>';
MPRINT(EM_DIAGRAM):   put '<Node Id="Stat4" Event="Run" Pid="" Gridid=""/>';
16453      run;
MPRINT(EM_DIAGRAM):   run;

NOTE: The file EMWIPMSG is:
      Local Host Name=DESKTOP-0ESU561,
      Local Host IP addr=fe80::bd99:5f4b:4ecc:7fcd%13,
      Peer Hostname Name=DESKTOP-0ESU561,
      Peer IP addr=127.0.0.1,Peer Name=N/A,
      Peer Portno=61389,Lrecl=32767,Recfm=Variable

NOTE: 1 record was written to the file EMWIPMSG.
      The minimum record length was 47.
      The maximum record length was 47.
NOTE: DATA statement used (Total process time):
      real time           0.82 seconds
      cpu time            0.00 seconds
      

16454      options sascmd="!sascmdv -nosyntaxcheck -noasynchio -noobjectserver";
MPRINT(EM_DIAGRAM):    options sascmd="!sascmdv -nosyntaxcheck -noasynchio -noobjectserver";
16455      %let SYSCC=0;
16456      signon C3A4ADBV macvar=C3A4ADBV;
MPRINT(EM_DIAGRAM):   signon macvar=C3A4ADBV;
WARNING: TCP Access method tracing is enabled.
NOTE: Default SASCMD value being used is: "C:\Program Files\SASHome\SASFoundation\9.4\SAS.EXE" -nologo -noterminal -noxcmd -objectserver -objectserverparms "protocol=bridge dnsname=127.0.0.1 jcbp=61390" -sspi -secpackage NTLM  -xcmd.
NOTE: Remote signon to C3A4ADBV commencing (SAS Release 9.04.01M3P062415).
NOTE: Unable to open SASUSER.PROFILE. WORK.PROFILE will be opened instead.
NOTE: All profile changes will be lost at the end of the session.
NOTE: Copyright (c) 2002-2012 by SAS Institute Inc., Cary, NC, USA. 
NOTE: SAS (r) Proprietary Software 9.4 (TS1M3) 
      Licensed to UNIVERSITI MALAYA, Site 12600285.
NOTE: This session is executing on the X64_8HOME  platform.



NOTE: Updated analytical products:
      
      SAS/STAT 14.1
      SAS/ETS 14.1
      SAS/OR 14.1
      SAS/IML 14.1
      SAS/QC 14.1

NOTE: Additional host information:

 X64_8HOME WIN 6.2.9200  Workstation

NOTE: SAS initialization used:
      real time           4.86 seconds
      cpu time            0.24 seconds
      
NOTE: Remote signon to C3A4ADBV complete.
16457      rsubmit C3A4ADBV wait=N persist=N  ;
MPRINT(EM_DIAGRAM):    rsubmit wait=N persist=N ;
The SAS System

NOTE: Background remote submit to C3A4ADBV in progress.
NOTE: Remote submit to C3A4ADBV commencing.
MPRINT(EM_DIAGRAM):   %global emexceptionstring emloopmode emloopnumber;
MPRINT(EM_DIAGRAM):   %let EMUSERID = %bquote(Jojie);
MPRINT(EM_DIAGRAM):   %let EMLDSPATH = %nrstr(J:\A UM Master\SEM 2 1819\WQD7005 Data Mining\Assignment\KLSE\DataSources);
MPRINT(EM_DIAGRAM):   %let EMFLOWMODE = Y;
MPRINT(EM_DIAGRAM):   %let EMONODE = %bquote(Stat4);
MPRINT(EM_DIAGRAM):   %let EMPATH = %nrstr(J:\A UM Master\SEM 2 1819\WQD7005 Data Mining\Assignment\KLSE\Workspaces\EMWS1);
MPRINT(EM_DIAGRAM):   %let EMWS = EMWS1;
MPRINT(EM_DIAGRAM):   %let EMNODECLASS = SASHELP.EMEXPL.STATEXPLORE.CLASS;
MPRINT(EM_DIAGRAM):   %let EMSTATUSDIR = %nrstr(J:\A UM Master\SEM 2 1819\WQD7005 Data Mining\Assignment\KLSE\Workspaces\EMWS1\System);
MPRINT(EM_DIAGRAM):   %let EM_DEBUG =;
MPRINT(EM_DIAGRAM):   %let EMPROJECTCODE = %nrstr(J:\A UM Master\SEM 2 1819\WQD7005 Data Mining\Assignment\KLSE\System\STARTUP.sas);
MPRINT(EM_DIAGRAM):   %let EMSERVERCODE = %nrstr();
MPRINT(EM_DIAGRAM):   %let EM_USERID = %bquote(Jojie);
MPRINT(EM_DIAGRAM):   %let EM_METAHOST =;
MPRINT(EM_DIAGRAM):   %let EM_METAPORT =;
MPRINT(EM_DIAGRAM):   %let EM_JAVAPACKAGE = %bquote();
MPRINT(EM_DIAGRAM):   %let EMPROJECTPATH = %nrstr(J:\A UM Master\SEM 2 1819\WQD7005 Data Mining\Assignment\KLSE);
MPRINT(EM_DIAGRAM):   %let EMPROJNAME = %nrstr(KLSE);
MPRINT(EM_DIAGRAM):   %let EMPROJPATH = %nrstr(J:\A UM Master\SEM 2 1819\WQD7005 Data Mining\Assignment);
MPRINT(EM_DIAGRAM):   %let em_Train = Y;
MPRINT(EM_DIAGRAM):   %let em_Score = Y;
MPRINT(EM_DIAGRAM):   %let em_Report = Y;
MPRINT(EM_DIAGRAM):   %let emloopmode =;
MPRINT(EM_DIAGRAM):   %let emloopnumber =0;
MPRINT(EM_DIAGRAM):   %let emloopId =Stat4;
MPRINT(EM_DIAGRAM):   %let emexceptionstring=;
MPRINT(EM_DIAGRAM):   options VBUFSIZE= 64M;
MPRINT(EM_DIAGRAM):   %em5run();
MPRINT(EM_DIAGRAM):   %put &&emexceptionstring;
MPRINT(EM_DIAGRAM):   %sysrput emerror_Stat4 = &&emexceptionstring;
MPRINT(EM_DIAGRAM):   %put &&emloopmode;
MPRINT(EM_DIAGRAM):   %sysrput emloopmode_Stat4 = &&emloopmode;
MPRINT(EM_DIAGRAM):   endrsubmit;
16458      data _null_;
MPRINT(EM_DIAGRAM):    data _null_;
16459      file emwipmsg;
MPRINT(EM_DIAGRAM):   file emwipmsg;
16460      put '<Node Id="Stat4" Event="Run" Pid=" " Gridid=""/>';
MPRINT(EM_DIAGRAM):   put '<Node Id="Stat4" Event="Run" Pid=" " Gridid=""/>';
16461      run;
MPRINT(EM_DIAGRAM):   run;

NOTE: The file EMWIPMSG is:
      Local Host Name=DESKTOP-0ESU561,
      Local Host IP addr=fe80::bd99:5f4b:4ecc:7fcd%13,
      Peer Hostname Name=DESKTOP-0ESU561,
      Peer IP addr=127.0.0.1,Peer Name=N/A,
      Peer Portno=61389,Lrecl=32767,Recfm=Variable

NOTE: 1 record was written to the file EMWIPMSG.
      The minimum record length was 48.
      The maximum record length was 48.
NOTE: DATA statement used (Total process time):
      real time           4.40 seconds
      cpu time            0.01 seconds
      
1     %global emexceptionstring emloopmode emloopnumber;
2     %let EMUSERID = %bquote(Jojie);
3     %let EMLDSPATH = %nrstr(J:\A UM Master\SEM 2 1819\WQD7005 Data Mining\Assignment\KLSE\DataSources);
4     %let EMFLOWMODE = Y;
5     %let EMONODE = %bquote(Stat4);
6     %let EMPATH = %nrstr(J:\A UM Master\SEM 2 1819\WQD7005 Data Mining\Assignment\KLSE\Workspaces\EMWS1);
7     %let EMWS = EMWS1;
8     %let EMNODECLASS = SASHELP.EMEXPL.STATEXPLORE.CLASS;
9     %let EMSTATUSDIR = %nrstr(J:\A UM Master\SEM 2 1819\WQD7005 Data Mining\Assignment\KLSE\Workspaces\EMWS1\System);
10    %let EM_DEBUG =;
11    %let EMPROJECTCODE = %nrstr(J:\A UM Master\SEM 2 1819\WQD7005 Data Mining\Assignment\KLSE\System\STARTUP.sas);
12    %let EMSERVERCODE = %nrstr();
13    %let EM_USERID = %bquote(Jojie);
14    %let EM_METAHOST =;
15    %let EM_METAPORT =;
16    %let EM_JAVAPACKAGE = %bquote();
17    %let EMPROJECTPATH = %nrstr(J:\A UM Master\SEM 2 1819\WQD7005 Data Mining\Assignment\KLSE);
18    %let EMPROJNAME = %nrstr(KLSE);
19    %let EMPROJPATH = %nrstr(J:\A UM Master\SEM 2 1819\WQD7005 Data Mining\Assignment);
20    %let em_Train = Y;
21    %let em_Score = Y;
22    %let em_Report = Y;
23    %let emloopmode =;
24    %let emloopnumber =0;
25    %let emloopId =Stat4;
26    %let emexceptionstring=;
27    options VBUFSIZE= 64M;
28    %em5run();

*------------------------------------------------------------* 
* 
* Stat4 : Running 
* datetime : 02MAY2019:23:01:52 
* 
*------------------------------------------------------------* 
6005   %let SYSCC =0;
6006   %let EMGROUPMODE =;
6007   %let EMGROUPID =;
12011  data EMWS1.Stat4_EMTRAINVARIABLE;
12012  length NAME $64;
12013  set EMWS1.Stat4_VariableSet;
12014  label NAME = "%sysfunc(sasmsg(sashelp.dmine, meta_name_vlabel, NOQUOTE))" ROLE = "%sysfunc(sasmsg(sashelp.dmine, meta_role_vlabel, NOQUOTE))" LEVEL = "%sysfunc(sasmsg(sashelp.dmine, meta_level_vlabel, NOQUOTE))" ORDER =
12015     "%sysfunc(sasmsg(sashelp.dmine, meta_order_vlabel, NOQUOTE))" LABEL = "%sysfunc(sasmsg(sashelp.dmine, meta_label_vlabel, NOQUOTE))";
12016  label USE = "%sysfunc(sasmsg(sashelp.dmine, META_USE_VLABEL, NOQUOTE))";
12017  label REPORT = "%sysfunc(sasmsg(sashelp.dmine, META_REPORT_VLABEL, NOQUOTE))";
12018  drop lowerlimit upperlimit creator--type format--length;
12019  run;

NOTE: There were 6 observations read from the data set EMWS1.STAT4_VARIABLESET.
NOTE: The data set EMWS1.STAT4_EMTRAINVARIABLE has 6 observations and 7 variables.
NOTE: DATA statement used (Total process time):
      real time           0.01 seconds
      cpu time            0.01 seconds
      

12020  %let emexceptionstring =;
*------------------------------------------------------------* 
* 
* Stat4 : End run 
* datetime : 02MAY2019:23:01:55 
* 
*------------------------------------------------------------* 
NOTE: The PROCEDURE DISPLAY printed pages 1-2.
NOTE: PROCEDURE DISPLAY used (Total process time):
      real time           2.74 seconds
      cpu time            2.48 seconds
      

12023   %put &&emexceptionstring;
 

12024   %sysrput emerror_Stat4 = &&emexceptionstring;
12025   %put &&emloopmode;
 
16462      data _null_;
MPRINT(EM_DIAGRAM):    data _null_;
16463      run;
MPRINT(EM_DIAGRAM):   run;

NOTE: DATA statement used (Total process time):
      real time           0.00 seconds
      cpu time            0.00 seconds
      
12026   %sysrput emloopmode_Stat4 = &&emloopmode;
NOTE: Remote submit to C3A4ADBV complete.
NOTE: Remote signoff from C3A4ADBV commencing.

Node "Stat4" ran. 
MPRINT(EM_DIAGRAM):    filename _emtool_ 'J:\A UM Master\SEM 2 1819\WQD7005 Data Mining\Assignment\KLSE\Workspaces\EMWS1\Stat4\TRAINPROPERTIES.xml' encoding="UTF-8" NOBOM;
NOTE: SAS Institute Inc., SAS Campus Drive, Cary, NC USA 27513-2414
NOTE: The SAS System used:
      real time           9.36 seconds
      cpu time            2.76 seconds
      
Node "Stat4" succeeded. 
16465      data _null_;
MPRINT(EM_DIAGRAM):    data _null_;
16466      file emwipmsg;
MPRINT(EM_DIAGRAM):   file emwipmsg;
16467      put '<Node Id="Stat4" Event="Complete" Pid="17228" Gridid=""/>';
MPRINT(EM_DIAGRAM):   put '<Node Id="Stat4" Event="Complete" Pid="17228" Gridid=""/>';
16468      run;
MPRINT(EM_DIAGRAM):   run;

NOTE: The file EMWIPMSG is:
      Local Host Name=DESKTOP-0ESU561,
      Local Host IP addr=fe80::bd99:5f4b:4ecc:7fcd%13,
      Peer Hostname Name=DESKTOP-0ESU561,
      Peer IP addr=127.0.0.1,Peer Name=N/A,
      Peer Portno=61389,Lrecl=32767,Recfm=Variable

NOTE: 1 record was written to the file EMWIPMSG.
      The minimum record length was 57.
      The maximum record length was 57.
NOTE: DATA statement used (Total process time):
      real time           0.86 seconds
      cpu time            0.03 seconds
      
NOTE: Remote signoff from C3A4ADBV complete.

Traverser: Run Completed 
NOTE: There are no active tasks/transactions.
16469      waitfor _all_ C3A4ADBV;
MPRINT(EM_DIAGRAM):    waitfor _all_ C3A4ADBV;
16470      signoff C3A4ADBV;
MPRINT(EM_DIAGRAM):   signoff;
NOTE: A link to C3A4ADBV does not exist.  SIGNOFF is not necessary.
16471      proc printto;
MPRINT(EM_DIAGRAM):   proc printto;
16472      run;
MPRINT(EM_DIAGRAM):   run;

